Aug 04, 2025 11:31:54 PM com.revmarketsales.app.MainApp main
INFO: Application started
Aug 04, 2025 11:36:00 PM com.revmarketsales.app.MainApp main
INFO: Application started
Aug 04, 2025 11:36:09 PM com.revmarketsales.app.MainApp main
INFO: User selected option: 1
Aug 04, 2025 11:36:15 PM com.revmarketsales.app.MainApp main
INFO: Application terminated by user.
Aug 05, 2025 1:43:28 PM com.revmarketsales.app.MainApp main
INFO: Application started
Aug 05, 2025 1:44:48 PM com.revmarketsales.app.MainApp main
INFO: User selected option: 1
Aug 05, 2025 1:45:12 PM com.revmarketsales.app.MainApp main
INFO: Application started
Aug 05, 2025 1:45:16 PM com.revmarketsales.app.MainApp main
INFO: User selected option: 1
Aug 05, 2025 1:58:50 PM com.revmarketsales.app.MainApp main
INFO: Application started
Aug 05, 2025 1:58:59 PM com.revmarketsales.app.MainApp main
INFO: User selected option: 1
Aug 05, 2025 1:58:59 PM com.revmarketsales.app.MainApp main
SEVERE: Error occurred while performing analysis for option 1: com.mysql.cj.jdbc.exceptions.CommunicationsException: Communications link failure

The last packet sent successfully to the server was 0 milliseconds ago. The driver has not received any packets from the server.
Aug 05, 2025 1:59:52 PM com.revmarketsales.app.MainApp main
INFO: Application started
Aug 05, 2025 1:59:55 PM com.revmarketsales.app.MainApp main
INFO: User selected option: 1
Aug 05, 2025 1:59:55 PM com.revmarketsales.app.MainApp main
SEVERE: Error occurred while performing analysis for option 1: com.mysql.cj.jdbc.exceptions.CommunicationsException: Communications link failure

The last packet sent successfully to the server was 0 milliseconds ago. The driver has not received any packets from the server.
Aug 05, 2025 1:59:59 PM com.revmarketsales.app.MainApp main
INFO: User selected option: 3
Aug 05, 2025 2:02:43 PM com.revmarketsales.app.MainApp main
INFO: Application started
Aug 05, 2025 2:02:50 PM com.revmarketsales.app.MainApp main
INFO: User selected option: 1
